<?xml version="1.0" encoding="UTF-8"?>
<!-- Generated by org.testng.reporters.JUnitXMLReporter -->
<testsuite hostname="DESKTOP-MSM9NKR" ignored="0" name="Test" tests="6" failures="0" timestamp="2021-05-04T12:08:22 IST" time="176.652" errors="0">
  <testcase name="name" time="1.544" classname="testCases.NC1"/>
  <testcase name="numeric" time="2.416" classname="testCases.NC1"/>
  <testcase name="numeric1" time="3.325" classname="testCases.NC1"/>
  <testcase name="verifyadress" time="2.781" classname="testCases.NC1"/>
  <testcase name="verifyadress1" time="3.617" classname="testCases.NC1"/>
  <testcase name="verifyname" time="0.0" classname="testCases.NC1">
    <skipped/>
  </testcase> <!-- verifyname -->
</testsuite> <!-- Test -->
