<?xml version="1.0" encoding="UTF-8"?>
<!-- Generated by org.testng.reporters.JUnitXMLReporter -->
<testsuite hostname="DESKTOP-MSM9NKR" ignored="0" name="Test2" tests="4" failures="0" timestamp="2021-04-24T12:37:56 IST" time="192.133" errors="0">
  <testcase name="verifyname" time="0.0" classname="testCases.NC1">
    <skipped/>
  </testcase> <!-- verifyname -->
  <testcase name="numeric" time="0.0" classname="testCases.NC2">
    <skipped/>
  </testcase> <!-- numeric -->
  <testcase name="numeric" time="2.136" classname="testCases.NC3"/>
  <testcase name="numeric" time="1.816" classname="testCases.NC4"/>
</testsuite> <!-- Test2 -->
